<?xml version="1.0" encoding="UTF-8"?>
<!-- Generated by org.testng.reporters.JUnitXMLReporter -->
<testsuite ignored="0" hostname="DESKTOP-SQ9QR7F" failures="0" tests="3" name="Default test" time="8.934" errors="0" timestamp="2023-06-27T10:51:49 IST">
  <testcase classname="api.test.UserTests" name="testpostuser" time="3.662"/>
  <testcase classname="api.test.UserTests" name="testgetuser" time="1.431"/>
  <testcase classname="api.test.UserTests" name="testupdateuser" time="3.506"/>
</testsuite> <!-- Default test -->
