<?xml version="1.0" encoding="UTF-8"?>
<!-- Generated by org.testng.reporters.JUnitXMLReporter -->
<testsuite ignored="0" hostname="DESKTOP-SQ9QR7F" failures="0" tests="3" name="Test" time="10.748" errors="0" timestamp="2023-06-27T16:04:46 IST">
  <testcase classname="api.test.UserTests" name="testpostuser" time="4.89"/>
  <testcase classname="api.test.UserTests" name="testgetuser" time="1.417"/>
  <testcase classname="api.test.UserTests" name="testupdateuser" time="3.882"/>
</testsuite> <!-- Test -->
