<?xml version="1.0" encoding="UTF-8"?>
<testsuite xmlns:xsi="http://www.w3.org/2001/XMLSchema-instance" xsi:noNamespaceSchemaLocation="https://maven.apache.org/surefire/maven-surefire-plugin/xsd/surefire-test-report-3.0.xsd" version="3.0" name="TestSuite" time="13.31" tests="3" errors="0" skipped="0" failures="0">
  <properties>
[...]
</properties>
  <testcase name="testpostuser" classname="api.test.UserTests" time="4.923">
    <system-out><![CDATA[HTTP/1.1 200 OK
Date: Tue, 27 Jun 2023 10:34:39 GMT
Content-Type: application/json
Transfer-Encoding: chunked
Connection: keep-alive
Access-Control-Allow-Origin: *
Access-Control-Allow-Methods: GET, POST, DELETE, PUT
Access-Control-Allow-Headers: Content-Type, api_key, Authorization
Server: Jetty(9.2.9.v20150224)

{
    "code": 200,
    "type": "unknown",
    "message": "1437129801"
}
]]></system-out>
  </testcase>
  <testcase name="testgetuser" classname="api.test.UserTests" time="1.415">
    <system-out><![CDATA[HTTP/1.1 200 OK
Date: Tue, 27 Jun 2023 10:34:40 GMT
Content-Type: application/json
Transfer-Encoding: chunked
Connection: keep-alive
Access-Control-Allow-Origin: *
Access-Control-Allow-Methods: GET, POST, DELETE, PUT
Access-Control-Allow-Headers: Content-Type, api_key, Authorization
Server: Jetty(9.2.9.v20150224)

{
    "id": 1437129801,
    "username": "serina.borer",
    "email": "henry.hagenes@hotmail.com",
    "password": "8pu92efr5t0",
    "phone": "723.633.4711",
    "userStatus": 0
}
]]></system-out>
  </testcase>
  <testcase name="testupdateuser" classname="api.test.UserTests" time="3.875">
    <system-out><![CDATA[{
    "code": 200,
    "type": "unknown",
    "message": "1437129801"
}
HTTP/1.1 200 OK
Date: Tue, 27 Jun 2023 10:34:43 GMT
Content-Type: application/json
Transfer-Encoding: chunked
Connection: keep-alive
Access-Control-Allow-Origin: *
Access-Control-Allow-Methods: GET, POST, DELETE, PUT
Access-Control-Allow-Headers: Content-Type, api_key, Authorization
Server: Jetty(9.2.9.v20150224)

{
    "id": 1437129801,
    "username": "serina.borer",
    "email": "sandy.baumbach@yahoo.com",
    "password": "8pu92efr5t0",
    "phone": "723.633.4711",
    "userStatus": 0
}
{
    "id": 1437129801,
    "username": "serina.borer",
    "email": "sandy.baumbach@yahoo.com",
    "password": "8pu92efr5t0",
    "phone": "723.633.4711",
    "userStatus": 0
}
sandy.baumbach@yahoo.com
]]></system-out>
  </testcase>
</testsuite>