<?xml version="1.0" encoding="UTF-8"?>
<testng-results ignored="0" total="3" passed="3" failed="0" skipped="0">
  <reporter-output>
  </reporter-output>
  <suite started-at="2023-06-27T16:04:35 IST" name="Suite" finished-at="2023-06-27T16:04:46 IST" duration-ms="10748">
    <groups>
    </groups>
    <test started-at="2023-06-27T16:04:35 IST" name="Test" finished-at="2023-06-27T16:04:46 IST" duration-ms="10748">
      <class name="api.test.UserTests">
        <test-method is-config="true" signature="setupData()[pri:0, instance:api.test.UserTests@158d255c]" started-at="2023-06-27T16:04:35 IST" name="setupData" finished-at="2023-06-27T16:04:35 IST" duration-ms="448" status="PASS">
          <reporter-output>
          </reporter-output>
        </test-method> <!-- setupData -->
        <test-method signature="testpostuser()[pri:1, instance:api.test.UserTests@158d255c]" started-at="2023-06-27T16:04:35 IST" name="testpostuser" finished-at="2023-06-27T16:04:40 IST" duration-ms="4890" status="PASS">
          <reporter-output>
          </reporter-output>
        </test-method> <!-- testpostuser -->
        <test-method signature="testgetuser()[pri:2, instance:api.test.UserTests@158d255c]" started-at="2023-06-27T16:04:40 IST" name="testgetuser" finished-at="2023-06-27T16:04:42 IST" duration-ms="1417" status="PASS">
          <reporter-output>
          </reporter-output>
        </test-method> <!-- testgetuser -->
        <test-method signature="testupdateuser()[pri:3, instance:api.test.UserTests@158d255c]" started-at="2023-06-27T16:04:42 IST" name="testupdateuser" finished-at="2023-06-27T16:04:46 IST" duration-ms="3882" status="PASS">
          <reporter-output>
          </reporter-output>
        </test-method> <!-- testupdateuser -->
      </class> <!-- api.test.UserTests -->
    </test> <!-- Test -->
  </suite> <!-- Suite -->
</testng-results>
