<?xml version="1.0" encoding="UTF-8"?>
<testng-results ignored="0" total="3" passed="3" failed="0" skipped="0">
  <reporter-output>
  </reporter-output>
  <suite started-at="2023-06-27T14:28:30 IST" name="Suite" finished-at="2023-06-27T14:28:39 IST" duration-ms="9487">
    <groups>
    </groups>
    <test started-at="2023-06-27T14:28:30 IST" name="Test" finished-at="2023-06-27T14:28:39 IST" duration-ms="9487">
      <class name="api.test.UserTests">
        <test-method is-config="true" signature="setupData()[pri:0, instance:api.test.UserTests@3a7b503d]" started-at="2023-06-27T14:28:30 IST" name="setupData" finished-at="2023-06-27T14:28:30 IST" duration-ms="329" status="PASS">
          <reporter-output>
          </reporter-output>
        </test-method> <!-- setupData -->
        <test-method signature="testpostuser()[pri:1, instance:api.test.UserTests@3a7b503d]" started-at="2023-06-27T14:28:30 IST" name="testpostuser" finished-at="2023-06-27T14:28:34 IST" duration-ms="4149" status="PASS">
          <reporter-output>
          </reporter-output>
        </test-method> <!-- testpostuser -->
        <test-method signature="testgetuser()[pri:2, instance:api.test.UserTests@3a7b503d]" started-at="2023-06-27T14:28:34 IST" name="testgetuser" finished-at="2023-06-27T14:28:36 IST" duration-ms="1378" status="PASS">
          <reporter-output>
          </reporter-output>
        </test-method> <!-- testgetuser -->
        <test-method signature="testupdateuser()[pri:3, instance:api.test.UserTests@3a7b503d]" started-at="2023-06-27T14:28:36 IST" name="testupdateuser" finished-at="2023-06-27T14:28:39 IST" duration-ms="3553" status="PASS">
          <reporter-output>
          </reporter-output>
        </test-method> <!-- testupdateuser -->
      </class> <!-- api.test.UserTests -->
    </test> <!-- Test -->
  </suite> <!-- Suite -->
</testng-results>
